<?xml version="1.0" encoding="UTF-8"?>
<coverage generated="1769830256924" clover="3.2.0">
  <project timestamp="1769830256924" name="All files">
    <metrics statements="112" coveredstatements="95" conditionals="56" coveredconditionals="42" methods="43" coveredmethods="36" elements="211" coveredelements="173" complexity="0" loc="112" ncloc="112" packages="9" files="11" classes="11"/>
    <package name="app.(tabs)">
      <metrics statements="2" coveredstatements="2" conditionals="2" coveredconditionals="1" methods="1" coveredmethods="1"/>
      <file name="map.tsx" path="/Users/yash/Desktop/TheInnovators/main/app/(tabs)/map.tsx">
        <metrics statements="2" coveredstatements="2" conditionals="2" coveredconditionals="1" methods="1" coveredmethods="1"/>
        <line num="6" count="3" type="stmt"/>
        <line num="9" count="3" type="cond" truecount="1" falsecount="1"/>
      </file>
    </package>
    <package name="components.Buildings">
      <metrics statements="7" coveredstatements="7" conditionals="8" coveredconditionals="8" methods="5" coveredmethods="5"/>
      <file name="search.ts" path="/Users/yash/Desktop/TheInnovators/main/components/Buildings/search.ts">
        <metrics statements="7" coveredstatements="7" conditionals="8" coveredconditionals="8" methods="5" coveredmethods="5"/>
        <line num="10" count="11" type="cond" truecount="2" falsecount="0"/>
        <line num="12" count="7" type="stmt"/>
        <line num="14" count="7" type="stmt"/>
        <line num="17" count="246" type="cond" truecount="4" falsecount="0"/>
        <line num="20" count="394" type="stmt"/>
        <line num="26" count="7" type="stmt"/>
        <line num="30" count="4" type="stmt"/>
      </file>
    </package>
    <package name="components.Buildings.Loyola">
      <metrics statements="19" coveredstatements="19" conditionals="9" coveredconditionals="9" methods="8" coveredmethods="8"/>
      <file name="LoyolaBuildings.tsx" path="/Users/yash/Desktop/TheInnovators/main/components/Buildings/Loyola/LoyolaBuildings.tsx">
        <metrics statements="19" coveredstatements="19" conditionals="9" coveredconditionals="9" methods="8" coveredmethods="8"/>
        <line num="4" count="10" type="stmt"/>
        <line num="6" count="10" type="stmt"/>
        <line num="7" count="922" type="stmt"/>
        <line num="18" count="12" type="stmt"/>
        <line num="19" count="12" type="cond" truecount="2" falsecount="0"/>
        <line num="21" count="10" type="stmt"/>
        <line num="22" count="280" type="stmt"/>
        <line num="32" count="280" type="stmt"/>
        <line num="34" count="280" type="cond" truecount="2" falsecount="0"/>
        <line num="35" count="280" type="cond" truecount="2" falsecount="0"/>
        <line num="36" count="12" type="stmt"/>
        <line num="37" count="280" type="cond" truecount="2" falsecount="0"/>
        <line num="39" count="280" type="stmt"/>
        <line num="41" count="280" type="stmt"/>
        <line num="42" count="54" type="stmt"/>
        <line num="44" count="11" type="stmt"/>
        <line num="48" count="6" type="stmt"/>
        <line num="50" count="6" type="stmt"/>
        <line num="51" count="60" type="stmt"/>
      </file>
    </package>
    <package name="components.Buildings.SGW">
      <metrics statements="17" coveredstatements="17" conditionals="9" coveredconditionals="9" methods="8" coveredmethods="8"/>
      <file name="SGWBuildings.ts" path="/Users/yash/Desktop/TheInnovators/main/components/Buildings/SGW/SGWBuildings.ts">
        <metrics statements="17" coveredstatements="17" conditionals="9" coveredconditionals="9" methods="8" coveredmethods="8"/>
        <line num="4" count="7" type="stmt"/>
        <line num="6" count="7" type="stmt"/>
        <line num="7" count="519" type="stmt"/>
        <line num="19" count="6" type="stmt"/>
        <line num="20" count="6" type="cond" truecount="2" falsecount="0"/>
        <line num="22" count="4" type="stmt"/>
        <line num="23" count="152" type="stmt"/>
        <line num="27" count="152" type="stmt"/>
        <line num="28" count="152" type="cond" truecount="2" falsecount="0"/>
        <line num="29" count="152" type="cond" truecount="2" falsecount="0"/>
        <line num="30" count="152" type="cond" truecount="2" falsecount="0"/>
        <line num="31" count="152" type="stmt"/>
        <line num="33" count="152" type="stmt"/>
        <line num="34" count="56" type="stmt"/>
        <line num="36" count="14" type="stmt"/>
        <line num="40" count="2" type="stmt"/>
        <line num="41" count="55" type="stmt"/>
      </file>
    </package>
    <package name="components.Styles">
      <metrics statements="2" coveredstatements="2" conditionals="0" coveredconditionals="0" methods="0" coveredmethods="0"/>
      <file name="mapStyle.ts" path="/Users/yash/Desktop/TheInnovators/main/components/Styles/mapStyle.ts">
        <metrics statements="1" coveredstatements="1" conditionals="0" coveredconditionals="0" methods="0" coveredmethods="0"/>
        <line num="3" count="3" type="stmt"/>
      </file>
      <file name="welcomeStyle.ts" path="/Users/yash/Desktop/TheInnovators/main/components/Styles/welcomeStyle.ts">
        <metrics statements="1" coveredstatements="1" conditionals="0" coveredconditionals="0" methods="0" coveredmethods="0"/>
        <line num="3" count="1" type="stmt"/>
      </file>
    </package>
    <package name="components.Welcome">
      <metrics statements="5" coveredstatements="5" conditionals="0" coveredconditionals="0" methods="3" coveredmethods="3"/>
      <file name="WelcomeScreen.tsx" path="/Users/yash/Desktop/TheInnovators/main/components/Welcome/WelcomeScreen.tsx">
        <metrics statements="5" coveredstatements="5" conditionals="0" coveredconditionals="0" methods="3" coveredmethods="3"/>
        <line num="9" count="2" type="stmt"/>
        <line num="10" count="1" type="stmt"/>
        <line num="13" count="2" type="stmt"/>
        <line num="14" count="1" type="stmt"/>
        <line num="17" count="2" type="stmt"/>
      </file>
    </package>
    <package name="components.campus.Loyola">
      <metrics statements="19" coveredstatements="2" conditionals="10" coveredconditionals="0" methods="7" coveredmethods="0"/>
      <file name="LoyolaCampus.tsx" path="/Users/yash/Desktop/TheInnovators/main/components/campus/Loyola/LoyolaCampus.tsx">
        <metrics statements="19" coveredstatements="2" conditionals="10" coveredconditionals="0" methods="7" coveredmethods="0"/>
        <line num="17" count="3" type="stmt"/>
        <line num="24" count="3" type="stmt"/>
        <line num="32" count="0" type="stmt"/>
        <line num="33" count="0" type="stmt"/>
        <line num="36" count="0" type="stmt"/>
        <line num="38" count="0" type="stmt"/>
        <line num="39" count="0" type="cond" truecount="0" falsecount="2"/>
        <line num="40" count="0" type="stmt"/>
        <line num="43" count="0" type="stmt"/>
        <line num="44" count="0" type="stmt"/>
        <line num="45" count="0" type="stmt"/>
        <line num="47" count="0" type="stmt"/>
        <line num="58" count="0" type="stmt"/>
        <line num="84" count="0" type="stmt"/>
        <line num="85" count="0" type="cond" truecount="0" falsecount="2"/>
        <line num="98" count="0" type="stmt"/>
        <line num="99" count="0" type="stmt"/>
        <line num="113" count="0" type="stmt"/>
        <line num="116" count="0" type="stmt"/>
      </file>
    </package>
    <package name="components.campus.SGW">
      <metrics statements="19" coveredstatements="19" conditionals="10" coveredconditionals="8" methods="7" coveredmethods="7"/>
      <file name="SGWCampus.tsx" path="/Users/yash/Desktop/TheInnovators/main/components/campus/SGW/SGWCampus.tsx">
        <metrics statements="19" coveredstatements="19" conditionals="10" coveredconditionals="8" methods="7" coveredmethods="7"/>
        <line num="17" count="3" type="stmt"/>
        <line num="24" count="3" type="stmt"/>
        <line num="32" count="7" type="stmt"/>
        <line num="33" count="7" type="stmt"/>
        <line num="34" count="7" type="stmt"/>
        <line num="36" count="7" type="stmt"/>
        <line num="38" count="7" type="cond" truecount="2" falsecount="0"/>
        <line num="39" count="3" type="stmt"/>
        <line num="42" count="7" type="stmt"/>
        <line num="43" count="1" type="stmt"/>
        <line num="44" count="1" type="stmt"/>
        <line num="46" count="1" type="stmt"/>
        <line num="57" count="7" type="stmt"/>
        <line num="83" count="2" type="stmt"/>
        <line num="84" count="2" type="cond" truecount="1" falsecount="1"/>
        <line num="96" count="1" type="stmt"/>
        <line num="97" count="1" type="stmt"/>
        <line num="111" count="2" type="stmt"/>
        <line num="113" count="1" type="stmt"/>
      </file>
    </package>
    <package name="components.layout">
      <metrics statements="22" coveredstatements="22" conditionals="8" coveredconditionals="7" methods="4" coveredmethods="4"/>
      <file name="LoyolaBrandBar.tsx" path="/Users/yash/Desktop/TheInnovators/main/components/layout/LoyolaBrandBar.tsx">
        <metrics statements="11" coveredstatements="11" conditionals="4" coveredconditionals="4" methods="2" coveredmethods="2"/>
        <line num="11" count="7" type="stmt"/>
        <line num="12" count="7" type="cond" truecount="2" falsecount="0"/>
        <line num="13" count="7" type="stmt"/>
        <line num="15" count="7" type="stmt"/>
        <line num="16" count="7" type="stmt"/>
        <line num="17" count="7" type="stmt"/>
        <line num="19" count="7" type="stmt"/>
        <line num="36" count="2" type="stmt"/>
        <line num="37" count="2" type="stmt"/>
        <line num="39" count="2" type="stmt"/>
        <line num="64" count="4" type="stmt"/>
      </file>
      <file name="SGWBrandBar.tsx" path="/Users/yash/Desktop/TheInnovators/main/components/layout/SGWBrandBar.tsx">
        <metrics statements="11" coveredstatements="11" conditionals="4" coveredconditionals="3" methods="2" coveredmethods="2"/>
        <line num="12" count="14" type="stmt"/>
        <line num="13" count="14" type="cond" truecount="2" falsecount="0"/>
        <line num="14" count="14" type="stmt"/>
        <line num="15" count="14" type="stmt"/>
        <line num="16" count="14" type="stmt"/>
        <line num="17" count="14" type="stmt"/>
        <line num="19" count="14" type="stmt"/>
        <line num="36" count="7" type="stmt"/>
        <line num="37" count="7" type="stmt"/>
        <line num="39" count="7" type="stmt"/>
        <line num="63" count="3" type="stmt"/>
      </file>
    </package>
  </project>
</coverage>
