{"/Users/yash/Desktop/TheInnovators/main/app/(tabs)/map.tsx": {"path":"/Users/yash/Desktop/TheInnovators/main/app/(tabs)/map.tsx","statementMap":{"0":{"start":{"line":6,"column":38},"end":{"line":6,"column":43}},"1":{"start":{"line":9,"column":2},"end":{"line":9,"column":69}}},"fnMap":{"0":{"name":"MapScreen","decl":{"start":{"line":8,"column":24},"end":{"line":8,"column":33}},"loc":{"start":{"line":8,"column":36},"end":{"line":10,"column":1}},"line":8}},"branchMap":{"0":{"loc":{"start":{"line":9,"column":9},"end":{"line":9,"column":68}},"type":"cond-expr","locations":[{"start":{"line":9,"column":36},"end":{"line":9,"column":49}},{"start":{"line":9,"column":52},"end":{"line":9,"column":68}}],"line":9}},"s":{"0":3,"1":3},"f":{"0":3},"b":{"0":[3,0]},"_coverageSchema":"1a1c01bbd47fc00a2c39e90264f33305004495a9","hash":"988149b0aebb8c2955b206590b4bdebc9d45d19b"}
,"/Users/yash/Desktop/TheInnovators/main/components/Buildings/search.ts": {"path":"/Users/yash/Desktop/TheInnovators/main/components/Buildings/search.ts","statementMap":{"0":{"start":{"line":10,"column":2},"end":{"line":10,"column":31}},"1":{"start":{"line":10,"column":21},"end":{"line":10,"column":31}},"2":{"start":{"line":12,"column":12},"end":{"line":12,"column":31}},"3":{"start":{"line":14,"column":2},"end":{"line":22,"column":21}},"4":{"start":{"line":17,"column":8},"end":{"line":20,"column":58}},"5":{"start":{"line":20,"column":30},"end":{"line":20,"column":57}},"6":{"start":{"line":26,"column":2},"end":{"line":26,"column":54}},"7":{"start":{"line":30,"column":2},"end":{"line":30,"column":57}}},"fnMap":{"0":{"name":"searchBuildings","decl":{"start":{"line":5,"column":9},"end":{"line":5,"column":24}},"loc":{"start":{"line":9,"column":14},"end":{"line":23,"column":1}},"line":9},"1":{"name":"(anonymous_1)","decl":{"start":{"line":16,"column":6},"end":{"line":16,"column":7}},"loc":{"start":{"line":17,"column":8},"end":{"line":20,"column":58}},"line":17},"2":{"name":"(anonymous_2)","decl":{"start":{"line":20,"column":23},"end":{"line":20,"column":24}},"loc":{"start":{"line":20,"column":30},"end":{"line":20,"column":57}},"line":20},"3":{"name":"searchSGWBuildings","decl":{"start":{"line":25,"column":16},"end":{"line":25,"column":34}},"loc":{"start":{"line":25,"column":73},"end":{"line":27,"column":1}},"line":25},"4":{"name":"searchLoyolaBuildings","decl":{"start":{"line":29,"column":16},"end":{"line":29,"column":37}},"loc":{"start":{"line":29,"column":76},"end":{"line":31,"column":1}},"line":29}},"branchMap":{"0":{"loc":{"start":{"line":10,"column":2},"end":{"line":10,"column":31}},"type":"if","locations":[{"start":{"line":10,"column":2},"end":{"line":10,"column":31}},{"start":{},"end":{}}],"line":10},"1":{"loc":{"start":{"line":17,"column":8},"end":{"line":20,"column":58}},"type":"binary-expr","locations":[{"start":{"line":17,"column":8},"end":{"line":17,"column":40}},{"start":{"line":18,"column":8},"end":{"line":18,"column":40}},{"start":{"line":19,"column":8},"end":{"line":19,"column":43}},{"start":{"line":20,"column":8},"end":{"line":20,"column":58}}],"line":17},"2":{"loc":{"start":{"line":25,"column":50},"end":{"line":25,"column":59}},"type":"default-arg","locations":[{"start":{"line":25,"column":58},"end":{"line":25,"column":59}}],"line":25},"3":{"loc":{"start":{"line":29,"column":53},"end":{"line":29,"column":62}},"type":"default-arg","locations":[{"start":{"line":29,"column":61},"end":{"line":29,"column":62}}],"line":29}},"s":{"0":11,"1":4,"2":7,"3":7,"4":246,"5":394,"6":7,"7":4},"f":{"0":11,"1":246,"2":394,"3":7,"4":4},"b":{"0":[4,7],"1":[246,230,142,138],"2":[2],"3":[2]},"_coverageSchema":"1a1c01bbd47fc00a2c39e90264f33305004495a9","hash":"5237cabc2bd7c70130281505d38f187f01958cc0"}
,"/Users/yash/Desktop/TheInnovators/main/components/Buildings/Loyola/LoyolaBuildings.tsx": {"path":"/Users/yash/Desktop/TheInnovators/main/components/Buildings/Loyola/LoyolaBuildings.tsx","statementMap":{"0":{"start":{"line":4,"column":32},"end":{"line":4,"column":67}},"1":{"start":{"line":6,"column":29},"end":{"line":12,"column":11}},"2":{"start":{"line":7,"column":2},"end":{"line":12,"column":11}},"3":{"start":{"line":18,"column":26},"end":{"line":18,"column":52}},"4":{"start":{"line":19,"column":2},"end":{"line":19,"column":34}},"5":{"start":{"line":19,"column":24},"end":{"line":19,"column":34}},"6":{"start":{"line":21,"column":2},"end":{"line":44,"column":38}},"7":{"start":{"line":22,"column":27},"end":{"line":29,"column":5}},"8":{"start":{"line":32,"column":21},"end":{"line":32,"column":22}},"9":{"start":{"line":34,"column":4},"end":{"line":34,"column":76}},"10":{"start":{"line":34,"column":58},"end":{"line":34,"column":76}},"11":{"start":{"line":35,"column":4},"end":{"line":36,"column":23}},"12":{"start":{"line":36,"column":6},"end":{"line":36,"column":23}},"13":{"start":{"line":37,"column":4},"end":{"line":37,"column":67}},"14":{"start":{"line":37,"column":50},"end":{"line":37,"column":67}},"15":{"start":{"line":39,"column":4},"end":{"line":39,"column":36}},"16":{"start":{"line":41,"column":24},"end":{"line":41,"column":45}},"17":{"start":{"line":42,"column":20},"end":{"line":42,"column":47}},"18":{"start":{"line":44,"column":21},"end":{"line":44,"column":36}},"19":{"start":{"line":48,"column":25},"end":{"line":48,"column":44}},"20":{"start":{"line":50,"column":2},"end":{"line":52,"column":4}},"21":{"start":{"line":51,"column":18},"end":{"line":51,"column":65}}},"fnMap":{"0":{"name":"(anonymous_0)","decl":{"start":{"line":6,"column":29},"end":{"line":6,"column":30}},"loc":{"start":{"line":7,"column":2},"end":{"line":12,"column":11}},"line":7},"1":{"name":"searchLoyolaBuildings","decl":{"start":{"line":14,"column":16},"end":{"line":14,"column":37}},"loc":{"start":{"line":17,"column":14},"end":{"line":45,"column":1}},"line":17},"2":{"name":"(anonymous_2)","decl":{"start":{"line":21,"column":30},"end":{"line":21,"column":31}},"loc":{"start":{"line":21,"column":44},"end":{"line":40,"column":3}},"line":21},"3":{"name":"(anonymous_3)","decl":{"start":{"line":41,"column":12},"end":{"line":41,"column":13}},"loc":{"start":{"line":41,"column":24},"end":{"line":41,"column":45}},"line":41},"4":{"name":"(anonymous_4)","decl":{"start":{"line":42,"column":10},"end":{"line":42,"column":11}},"loc":{"start":{"line":42,"column":20},"end":{"line":42,"column":47}},"line":42},"5":{"name":"(anonymous_5)","decl":{"start":{"line":44,"column":9},"end":{"line":44,"column":10}},"loc":{"start":{"line":44,"column":21},"end":{"line":44,"column":36}},"line":44},"6":{"name":"getLoyolaBuildingByCode","decl":{"start":{"line":47,"column":16},"end":{"line":47,"column":39}},"loc":{"start":{"line":47,"column":76},"end":{"line":53,"column":1}},"line":47},"7":{"name":"(anonymous_7)","decl":{"start":{"line":51,"column":4},"end":{"line":51,"column":5}},"loc":{"start":{"line":51,"column":18},"end":{"line":51,"column":65}},"line":51}},"branchMap":{"0":{"loc":{"start":{"line":16,"column":2},"end":{"line":16,"column":18}},"type":"default-arg","locations":[{"start":{"line":16,"column":16},"end":{"line":16,"column":18}}],"line":16},"1":{"loc":{"start":{"line":19,"column":2},"end":{"line":19,"column":34}},"type":"if","locations":[{"start":{"line":19,"column":2},"end":{"line":19,"column":34}},{"start":{},"end":{}}],"line":19},"2":{"loc":{"start":{"line":34,"column":4},"end":{"line":34,"column":76}},"type":"if","locations":[{"start":{"line":34,"column":4},"end":{"line":34,"column":76}},{"start":{},"end":{}}],"line":34},"3":{"loc":{"start":{"line":35,"column":4},"end":{"line":36,"column":23}},"type":"if","locations":[{"start":{"line":35,"column":4},"end":{"line":36,"column":23}},{"start":{},"end":{}}],"line":35},"4":{"loc":{"start":{"line":37,"column":4},"end":{"line":37,"column":67}},"type":"if","locations":[{"start":{"line":37,"column":4},"end":{"line":37,"column":67}},{"start":{},"end":{}}],"line":37}},"s":{"0":10,"1":10,"2":922,"3":12,"4":12,"5":2,"6":10,"7":280,"8":280,"9":280,"10":5,"11":280,"12":12,"13":280,"14":32,"15":280,"16":280,"17":54,"18":11,"19":6,"20":6,"21":60},"f":{"0":922,"1":12,"2":280,"3":280,"4":54,"5":11,"6":6,"7":60},"b":{"0":[2],"1":[2,10],"2":[5,275],"3":[12,268],"4":[32,248]},"_coverageSchema":"1a1c01bbd47fc00a2c39e90264f33305004495a9","hash":"6b36746c73590b8010d40ae3c8cb4cd05397d9d9"}
,"/Users/yash/Desktop/TheInnovators/main/components/Buildings/SGW/SGWBuildings.ts": {"path":"/Users/yash/Desktop/TheInnovators/main/components/Buildings/SGW/SGWBuildings.ts","statementMap":{"0":{"start":{"line":4,"column":29},"end":{"line":4,"column":58}},"1":{"start":{"line":6,"column":18},"end":{"line":12,"column":11}},"2":{"start":{"line":7,"column":2},"end":{"line":12,"column":11}},"3":{"start":{"line":19,"column":12},"end":{"line":19,"column":28}},"4":{"start":{"line":20,"column":2},"end":{"line":20,"column":20}},"5":{"start":{"line":20,"column":10},"end":{"line":20,"column":20}},"6":{"start":{"line":22,"column":2},"end":{"line":36,"column":21}},"7":{"start":{"line":23,"column":21},"end":{"line":25,"column":5}},"8":{"start":{"line":27,"column":16},"end":{"line":27,"column":17}},"9":{"start":{"line":28,"column":4},"end":{"line":28,"column":46}},"10":{"start":{"line":28,"column":33},"end":{"line":28,"column":46}},"11":{"start":{"line":29,"column":4},"end":{"line":29,"column":53}},"12":{"start":{"line":29,"column":41},"end":{"line":29,"column":53}},"13":{"start":{"line":30,"column":4},"end":{"line":30,"column":42}},"14":{"start":{"line":30,"column":30},"end":{"line":30,"column":42}},"15":{"start":{"line":31,"column":4},"end":{"line":31,"column":24}},"16":{"start":{"line":33,"column":19},"end":{"line":33,"column":30}},"17":{"start":{"line":34,"column":20},"end":{"line":34,"column":37}},"18":{"start":{"line":36,"column":16},"end":{"line":36,"column":19}},"19":{"start":{"line":40,"column":12},"end":{"line":40,"column":27}},"20":{"start":{"line":41,"column":2},"end":{"line":41,"column":60}},"21":{"start":{"line":41,"column":35},"end":{"line":41,"column":58}}},"fnMap":{"0":{"name":"(anonymous_0)","decl":{"start":{"line":6,"column":18},"end":{"line":6,"column":19}},"loc":{"start":{"line":7,"column":2},"end":{"line":12,"column":11}},"line":7},"1":{"name":"searchSGWBuildings","decl":{"start":{"line":18,"column":16},"end":{"line":18,"column":34}},"loc":{"start":{"line":18,"column":74},"end":{"line":37,"column":1}},"line":18},"2":{"name":"(anonymous_2)","decl":{"start":{"line":22,"column":27},"end":{"line":22,"column":28}},"loc":{"start":{"line":22,"column":34},"end":{"line":32,"column":3}},"line":22},"3":{"name":"(anonymous_3)","decl":{"start":{"line":33,"column":12},"end":{"line":33,"column":13}},"loc":{"start":{"line":33,"column":19},"end":{"line":33,"column":30}},"line":33},"4":{"name":"(anonymous_4)","decl":{"start":{"line":34,"column":10},"end":{"line":34,"column":11}},"loc":{"start":{"line":34,"column":20},"end":{"line":34,"column":37}},"line":34},"5":{"name":"(anonymous_5)","decl":{"start":{"line":36,"column":9},"end":{"line":36,"column":10}},"loc":{"start":{"line":36,"column":16},"end":{"line":36,"column":19}},"line":36},"6":{"name":"getSGWBuildingByCode","decl":{"start":{"line":39,"column":16},"end":{"line":39,"column":36}},"loc":{"start":{"line":39,"column":73},"end":{"line":42,"column":1}},"line":39},"7":{"name":"(anonymous_7)","decl":{"start":{"line":41,"column":28},"end":{"line":41,"column":29}},"loc":{"start":{"line":41,"column":35},"end":{"line":41,"column":58}},"line":41}},"branchMap":{"0":{"loc":{"start":{"line":18,"column":50},"end":{"line":18,"column":60}},"type":"default-arg","locations":[{"start":{"line":18,"column":58},"end":{"line":18,"column":60}}],"line":18},"1":{"loc":{"start":{"line":20,"column":2},"end":{"line":20,"column":20}},"type":"if","locations":[{"start":{"line":20,"column":2},"end":{"line":20,"column":20}},{"start":{},"end":{}}],"line":20},"2":{"loc":{"start":{"line":28,"column":4},"end":{"line":28,"column":46}},"type":"if","locations":[{"start":{"line":28,"column":4},"end":{"line":28,"column":46}},{"start":{},"end":{}}],"line":28},"3":{"loc":{"start":{"line":29,"column":4},"end":{"line":29,"column":53}},"type":"if","locations":[{"start":{"line":29,"column":4},"end":{"line":29,"column":53}},{"start":{},"end":{}}],"line":29},"4":{"loc":{"start":{"line":30,"column":4},"end":{"line":30,"column":42}},"type":"if","locations":[{"start":{"line":30,"column":4},"end":{"line":30,"column":42}},{"start":{},"end":{}}],"line":30}},"s":{"0":7,"1":7,"2":519,"3":6,"4":6,"5":2,"6":4,"7":152,"8":152,"9":152,"10":1,"11":152,"12":4,"13":152,"14":47,"15":152,"16":152,"17":56,"18":14,"19":2,"20":2,"21":55},"f":{"0":519,"1":6,"2":152,"3":152,"4":56,"5":14,"6":2,"7":55},"b":{"0":[2],"1":[2,4],"2":[1,151],"3":[4,148],"4":[47,105]},"_coverageSchema":"1a1c01bbd47fc00a2c39e90264f33305004495a9","hash":"94474651112f29c36a64f910a4714987261ca86b"}
,"/Users/yash/Desktop/TheInnovators/main/components/Styles/mapStyle.ts": {"path":"/Users/yash/Desktop/TheInnovators/main/components/Styles/mapStyle.ts","statementMap":{"0":{"start":{"line":3,"column":22},"end":{"line":69,"column":2}}},"fnMap":{},"branchMap":{},"s":{"0":3},"f":{},"b":{},"_coverageSchema":"1a1c01bbd47fc00a2c39e90264f33305004495a9","hash":"bfc4e621eae17e46c2d0525802db7c11767462e7"}
,"/Users/yash/Desktop/TheInnovators/main/components/Styles/welcomeStyle.ts": {"path":"/Users/yash/Desktop/TheInnovators/main/components/Styles/welcomeStyle.ts","statementMap":{"0":{"start":{"line":3,"column":22},"end":{"line":46,"column":2}}},"fnMap":{},"branchMap":{},"s":{"0":1},"f":{},"b":{},"_coverageSchema":"1a1c01bbd47fc00a2c39e90264f33305004495a9","hash":"b4fde71258d536eeeda91987463d2a3dadba3c76"}
,"/Users/yash/Desktop/TheInnovators/main/components/Welcome/WelcomeScreen.tsx": {"path":"/Users/yash/Desktop/TheInnovators/main/components/Welcome/WelcomeScreen.tsx","statementMap":{"0":{"start":{"line":9,"column":30},"end":{"line":11,"column":3}},"1":{"start":{"line":10,"column":4},"end":{"line":10,"column":76}},"2":{"start":{"line":13,"column":31},"end":{"line":15,"column":3}},"3":{"start":{"line":14,"column":4},"end":{"line":14,"column":34}},"4":{"start":{"line":17,"column":2},"end":{"line":34,"column":4}}},"fnMap":{"0":{"name":"WelcomeScreen","decl":{"start":{"line":7,"column":24},"end":{"line":7,"column":37}},"loc":{"start":{"line":7,"column":40},"end":{"line":35,"column":1}},"line":7},"1":{"name":"(anonymous_1)","decl":{"start":{"line":9,"column":30},"end":{"line":9,"column":31}},"loc":{"start":{"line":9,"column":36},"end":{"line":11,"column":3}},"line":9},"2":{"name":"(anonymous_2)","decl":{"start":{"line":13,"column":31},"end":{"line":13,"column":32}},"loc":{"start":{"line":13,"column":37},"end":{"line":15,"column":3}},"line":13}},"branchMap":{},"s":{"0":2,"1":1,"2":2,"3":1,"4":2},"f":{"0":2,"1":1,"2":1},"b":{},"_coverageSchema":"1a1c01bbd47fc00a2c39e90264f33305004495a9","hash":"9ee1a5b3f1717833007263fcdff16559a7d35e71"}
,"/Users/yash/Desktop/TheInnovators/main/components/campus/Loyola/LoyolaCampus.tsx": {"path":"/Users/yash/Desktop/TheInnovators/main/components/campus/Loyola/LoyolaCampus.tsx","statementMap":{"0":{"start":{"line":17,"column":38},"end":{"line":22,"column":1}},"1":{"start":{"line":24,"column":17},"end":{"line":29,"column":1}},"2":{"start":{"line":32,"column":40},"end":{"line":32,"column":52}},"3":{"start":{"line":33,"column":50},"end":{"line":35,"column":3}},"4":{"start":{"line":36,"column":21},"end":{"line":36,"column":42}},"5":{"start":{"line":38,"column":30},"end":{"line":41,"column":19}},"6":{"start":{"line":39,"column":4},"end":{"line":39,"column":49}},"7":{"start":{"line":39,"column":39},"end":{"line":39,"column":49}},"8":{"start":{"line":40,"column":4},"end":{"line":40,"column":49}},"9":{"start":{"line":43,"column":31},"end":{"line":56,"column":3}},"10":{"start":{"line":44,"column":4},"end":{"line":44,"column":34}},"11":{"start":{"line":45,"column":4},"end":{"line":45,"column":58}},"12":{"start":{"line":47,"column":4},"end":{"line":55,"column":6}},"13":{"start":{"line":58,"column":2},"end":{"line":132,"column":4}},"14":{"start":{"line":84,"column":14},"end":{"line":84,"column":35}},"15":{"start":{"line":85,"column":14},"end":{"line":85,"column":62}},"16":{"start":{"line":85,"column":36},"end":{"line":85,"column":62}},"17":{"start":{"line":98,"column":16},"end":{"line":98,"column":35}},"18":{"start":{"line":99,"column":16},"end":{"line":99,"column":42}},"19":{"start":{"line":113,"column":14},"end":{"line":123,"column":26}},"20":{"start":{"line":116,"column":31},"end":{"line":116,"column":61}}},"fnMap":{"0":{"name":"LoyolaCampus","decl":{"start":{"line":31,"column":24},"end":{"line":31,"column":36}},"loc":{"start":{"line":31,"column":39},"end":{"line":133,"column":1}},"line":31},"1":{"name":"(anonymous_1)","decl":{"start":{"line":38,"column":38},"end":{"line":38,"column":39}},"loc":{"start":{"line":38,"column":44},"end":{"line":41,"column":3}},"line":38},"2":{"name":"(anonymous_2)","decl":{"start":{"line":43,"column":31},"end":{"line":43,"column":32}},"loc":{"start":{"line":43,"column":55},"end":{"line":56,"column":3}},"line":43},"3":{"name":"(anonymous_3)","decl":{"start":{"line":83,"column":26},"end":{"line":83,"column":27}},"loc":{"start":{"line":83,"column":36},"end":{"line":86,"column":13}},"line":83},"4":{"name":"(anonymous_4)","decl":{"start":{"line":97,"column":23},"end":{"line":97,"column":24}},"loc":{"start":{"line":97,"column":29},"end":{"line":100,"column":15}},"line":97},"5":{"name":"(anonymous_5)","decl":{"start":{"line":112,"column":37},"end":{"line":112,"column":38}},"loc":{"start":{"line":113,"column":14},"end":{"line":123,"column":26}},"line":113},"6":{"name":"(anonymous_6)","decl":{"start":{"line":116,"column":25},"end":{"line":116,"column":26}},"loc":{"start":{"line":116,"column":31},"end":{"line":116,"column":61}},"line":116}},"branchMap":{"0":{"loc":{"start":{"line":39,"column":4},"end":{"line":39,"column":49}},"type":"if","locations":[{"start":{"line":39,"column":4},"end":{"line":39,"column":49}},{"start":{},"end":{}}],"line":39},"1":{"loc":{"start":{"line":64,"column":18},"end":{"line":64,"column":73}},"type":"cond-expr","locations":[{"start":{"line":64,"column":46},"end":{"line":64,"column":61}},{"start":{"line":64,"column":64},"end":{"line":64,"column":73}}],"line":64},"2":{"loc":{"start":{"line":85,"column":14},"end":{"line":85,"column":62}},"type":"if","locations":[{"start":{"line":85,"column":14},"end":{"line":85,"column":62}},{"start":{},"end":{}}],"line":85},"3":{"loc":{"start":{"line":94,"column":11},"end":{"line":106,"column":11}},"type":"binary-expr","locations":[{"start":{"line":94,"column":11},"end":{"line":94,"column":33}},{"start":{"line":95,"column":12},"end":{"line":105,"column":24}}],"line":94},"4":{"loc":{"start":{"line":110,"column":9},"end":{"line":126,"column":9}},"type":"binary-expr","locations":[{"start":{"line":110,"column":9},"end":{"line":110,"column":39}},{"start":{"line":111,"column":10},"end":{"line":125,"column":17}}],"line":110}},"s":{"0":3,"1":3,"2":0,"3":0,"4":0,"5":0,"6":0,"7":0,"8":0,"9":0,"10":0,"11":0,"12":0,"13":0,"14":0,"15":0,"16":0,"17":0,"18":0,"19":0,"20":0},"f":{"0":0,"1":0,"2":0,"3":0,"4":0,"5":0,"6":0},"b":{"0":[0,0],"1":[0,0],"2":[0,0],"3":[0,0],"4":[0,0]},"_coverageSchema":"1a1c01bbd47fc00a2c39e90264f33305004495a9","hash":"db462f026de9c4a6f5bbf52ec094beb56b1f9722"}
,"/Users/yash/Desktop/TheInnovators/main/components/campus/SGW/SGWCampus.tsx": {"path":"/Users/yash/Desktop/TheInnovators/main/components/campus/SGW/SGWCampus.tsx","statementMap":{"0":{"start":{"line":17,"column":27},"end":{"line":22,"column":1}},"1":{"start":{"line":24,"column":14},"end":{"line":29,"column":1}},"2":{"start":{"line":32,"column":28},"end":{"line":32,"column":40}},"3":{"start":{"line":33,"column":34},"end":{"line":33,"column":65}},"4":{"start":{"line":34,"column":17},"end":{"line":34,"column":38}},"5":{"start":{"line":36,"column":22},"end":{"line":40,"column":13}},"6":{"start":{"line":38,"column":4},"end":{"line":38,"column":43}},"7":{"start":{"line":38,"column":33},"end":{"line":38,"column":43}},"8":{"start":{"line":39,"column":4},"end":{"line":39,"column":40}},"9":{"start":{"line":42,"column":25},"end":{"line":55,"column":3}},"10":{"start":{"line":43,"column":4},"end":{"line":43,"column":19}},"11":{"start":{"line":44,"column":4},"end":{"line":44,"column":38}},"12":{"start":{"line":46,"column":4},"end":{"line":54,"column":6}},"13":{"start":{"line":57,"column":2},"end":{"line":129,"column":4}},"14":{"start":{"line":83,"column":14},"end":{"line":83,"column":26}},"15":{"start":{"line":84,"column":14},"end":{"line":84,"column":46}},"16":{"start":{"line":84,"column":28},"end":{"line":84,"column":46}},"17":{"start":{"line":96,"column":16},"end":{"line":96,"column":29}},"18":{"start":{"line":97,"column":16},"end":{"line":97,"column":34}},"19":{"start":{"line":111,"column":14},"end":{"line":120,"column":26}},"20":{"start":{"line":113,"column":31},"end":{"line":113,"column":48}}},"fnMap":{"0":{"name":"SGWCampus","decl":{"start":{"line":31,"column":24},"end":{"line":31,"column":33}},"loc":{"start":{"line":31,"column":36},"end":{"line":130,"column":1}},"line":31},"1":{"name":"(anonymous_1)","decl":{"start":{"line":36,"column":30},"end":{"line":36,"column":31}},"loc":{"start":{"line":36,"column":36},"end":{"line":40,"column":3}},"line":36},"2":{"name":"(anonymous_2)","decl":{"start":{"line":42,"column":25},"end":{"line":42,"column":26}},"loc":{"start":{"line":42,"column":42},"end":{"line":55,"column":3}},"line":42},"3":{"name":"(anonymous_3)","decl":{"start":{"line":82,"column":26},"end":{"line":82,"column":27}},"loc":{"start":{"line":82,"column":33},"end":{"line":85,"column":13}},"line":82},"4":{"name":"(anonymous_4)","decl":{"start":{"line":95,"column":23},"end":{"line":95,"column":24}},"loc":{"start":{"line":95,"column":29},"end":{"line":98,"column":15}},"line":95},"5":{"name":"(anonymous_5)","decl":{"start":{"line":110,"column":29},"end":{"line":110,"column":30}},"loc":{"start":{"line":111,"column":14},"end":{"line":120,"column":26}},"line":111},"6":{"name":"(anonymous_6)","decl":{"start":{"line":113,"column":25},"end":{"line":113,"column":26}},"loc":{"start":{"line":113,"column":31},"end":{"line":113,"column":48}},"line":113}},"branchMap":{"0":{"loc":{"start":{"line":38,"column":4},"end":{"line":38,"column":43}},"type":"if","locations":[{"start":{"line":38,"column":4},"end":{"line":38,"column":43}},{"start":{},"end":{}}],"line":38},"1":{"loc":{"start":{"line":64,"column":18},"end":{"line":64,"column":73}},"type":"cond-expr","locations":[{"start":{"line":64,"column":46},"end":{"line":64,"column":61}},{"start":{"line":64,"column":64},"end":{"line":64,"column":73}}],"line":64},"2":{"loc":{"start":{"line":84,"column":14},"end":{"line":84,"column":46}},"type":"if","locations":[{"start":{"line":84,"column":14},"end":{"line":84,"column":46}},{"start":{},"end":{}}],"line":84},"3":{"loc":{"start":{"line":93,"column":11},"end":{"line":104,"column":11}},"type":"binary-expr","locations":[{"start":{"line":93,"column":11},"end":{"line":93,"column":27}},{"start":{"line":94,"column":12},"end":{"line":103,"column":24}}],"line":93},"4":{"loc":{"start":{"line":108,"column":9},"end":{"line":123,"column":9}},"type":"binary-expr","locations":[{"start":{"line":108,"column":9},"end":{"line":108,"column":31}},{"start":{"line":109,"column":10},"end":{"line":122,"column":17}}],"line":108}},"s":{"0":3,"1":3,"2":7,"3":7,"4":7,"5":7,"6":7,"7":4,"8":3,"9":7,"10":1,"11":1,"12":1,"13":7,"14":2,"15":2,"16":0,"17":1,"18":1,"19":2,"20":1},"f":{"0":7,"1":7,"2":1,"3":2,"4":1,"5":2,"6":1},"b":{"0":[4,3],"1":[0,7],"2":[0,2],"3":[7,3],"4":[7,2]},"_coverageSchema":"1a1c01bbd47fc00a2c39e90264f33305004495a9","hash":"ec0c6f132dfb0442ce46cfb339bae5eea7d9457c"}
,"/Users/yash/Desktop/TheInnovators/main/components/layout/LoyolaBrandBar.tsx": {"path":"/Users/yash/Desktop/TheInnovators/main/components/layout/LoyolaBrandBar.tsx","statementMap":{"0":{"start":{"line":11,"column":21},"end":{"line":11,"column":60}},"1":{"start":{"line":12,"column":22},"end":{"line":12,"column":45}},"2":{"start":{"line":13,"column":17},"end":{"line":13,"column":36}},"3":{"start":{"line":15,"column":14},"end":{"line":15,"column":30}},"4":{"start":{"line":16,"column":16},"end":{"line":16,"column":42}},"5":{"start":{"line":17,"column":15},"end":{"line":17,"column":36}},"6":{"start":{"line":19,"column":2},"end":{"line":29,"column":4}},"7":{"start":{"line":36,"column":28},"end":{"line":36,"column":68}},"8":{"start":{"line":37,"column":30},"end":{"line":37,"column":68}},"9":{"start":{"line":39,"column":2},"end":{"line":61,"column":4}},"10":{"start":{"line":64,"column":15},"end":{"line":72,"column":2}}},"fnMap":{"0":{"name":"adjustColorShade","decl":{"start":{"line":10,"column":16},"end":{"line":10,"column":32}},"loc":{"start":{"line":10,"column":71},"end":{"line":30,"column":1}},"line":10},"1":{"name":"LoyolaBrandBar","decl":{"start":{"line":32,"column":24},"end":{"line":32,"column":38}},"loc":{"start":{"line":35,"column":28},"end":{"line":62,"column":1}},"line":35}},"branchMap":{"0":{"loc":{"start":{"line":12,"column":22},"end":{"line":12,"column":45}},"type":"cond-expr","locations":[{"start":{"line":12,"column":38},"end":{"line":12,"column":39}},{"start":{"line":12,"column":42},"end":{"line":12,"column":45}}],"line":12},"1":{"loc":{"start":{"line":33,"column":2},"end":{"line":33,"column":13}},"type":"default-arg","locations":[{"start":{"line":33,"column":11},"end":{"line":33,"column":13}}],"line":33},"2":{"loc":{"start":{"line":34,"column":2},"end":{"line":34,"column":29}},"type":"default-arg","locations":[{"start":{"line":34,"column":20},"end":{"line":34,"column":29}}],"line":34}},"s":{"0":7,"1":7,"2":7,"3":7,"4":7,"5":7,"6":7,"7":2,"8":2,"9":2,"10":4},"f":{"0":7,"1":2},"b":{"0":[3,4],"1":[1],"2":[2]},"_coverageSchema":"1a1c01bbd47fc00a2c39e90264f33305004495a9","hash":"4ab470635f6060f82d440fd7b50166440c9628fb"}
,"/Users/yash/Desktop/TheInnovators/main/components/layout/SGWBrandBar.tsx": {"path":"/Users/yash/Desktop/TheInnovators/main/components/layout/SGWBrandBar.tsx","statementMap":{"0":{"start":{"line":12,"column":12},"end":{"line":12,"column":47}},"1":{"start":{"line":13,"column":12},"end":{"line":13,"column":33}},"2":{"start":{"line":14,"column":12},"end":{"line":14,"column":29}},"3":{"start":{"line":15,"column":12},"end":{"line":15,"column":19}},"4":{"start":{"line":16,"column":12},"end":{"line":16,"column":29}},"5":{"start":{"line":17,"column":12},"end":{"line":17,"column":24}},"6":{"start":{"line":19,"column":2},"end":{"line":29,"column":4}},"7":{"start":{"line":36,"column":20},"end":{"line":36,"column":54}},"8":{"start":{"line":37,"column":22},"end":{"line":37,"column":55}},"9":{"start":{"line":39,"column":2},"end":{"line":60,"column":4}},"10":{"start":{"line":63,"column":15},"end":{"line":71,"column":2}}},"fnMap":{"0":{"name":"shadeColor","decl":{"start":{"line":11,"column":9},"end":{"line":11,"column":19}},"loc":{"start":{"line":11,"column":52},"end":{"line":30,"column":1}},"line":11},"1":{"name":"SGWBrandBar","decl":{"start":{"line":32,"column":24},"end":{"line":32,"column":35}},"loc":{"start":{"line":35,"column":31},"end":{"line":61,"column":1}},"line":35}},"branchMap":{"0":{"loc":{"start":{"line":13,"column":12},"end":{"line":13,"column":33}},"type":"cond-expr","locations":[{"start":{"line":13,"column":26},"end":{"line":13,"column":27}},{"start":{"line":13,"column":30},"end":{"line":13,"column":33}}],"line":13},"1":{"loc":{"start":{"line":33,"column":2},"end":{"line":33,"column":13}},"type":"default-arg","locations":[{"start":{"line":33,"column":11},"end":{"line":33,"column":13}}],"line":33},"2":{"loc":{"start":{"line":34,"column":2},"end":{"line":34,"column":29}},"type":"default-arg","locations":[{"start":{"line":34,"column":20},"end":{"line":34,"column":29}}],"line":34}},"s":{"0":14,"1":14,"2":14,"3":14,"4":14,"5":14,"6":14,"7":7,"8":7,"9":7,"10":3},"f":{"0":14,"1":7},"b":{"0":[7,7],"1":[7],"2":[0]},"_coverageSchema":"1a1c01bbd47fc00a2c39e90264f33305004495a9","hash":"269564289ca7b0c3565d8e44551f6f14e8911cb2"}
}
