TN:
SF:app/(tabs)/map.tsx
FN:8,MapScreen
FNF:1
FNH:1
FNDA:3,MapScreen
DA:6,3
DA:9,3
LF:2
LH:2
BRDA:9,0,0,3
BRDA:9,0,1,0
BRF:2
BRH:1
end_of_record
TN:
SF:components/Buildings/search.ts
FN:5,searchBuildings
FN:16,(anonymous_1)
FN:20,(anonymous_2)
FN:25,searchSGWBuildings
FN:29,searchLoyolaBuildings
FNF:5
FNH:5
FNDA:11,searchBuildings
FNDA:246,(anonymous_1)
FNDA:394,(anonymous_2)
FNDA:7,searchSGWBuildings
FNDA:4,searchLoyolaBuildings
DA:10,11
DA:12,7
DA:14,7
DA:17,246
DA:20,394
DA:26,7
DA:30,4
LF:7
LH:7
BRDA:10,0,0,4
BRDA:10,0,1,7
BRDA:17,1,0,246
BRDA:17,1,1,230
BRDA:17,1,2,142
BRDA:17,1,3,138
BRDA:25,2,0,2
BRDA:29,3,0,2
BRF:8
BRH:8
end_of_record
TN:
SF:components/Buildings/Loyola/LoyolaBuildings.tsx
FN:6,(anonymous_0)
FN:14,searchLoyolaBuildings
FN:21,(anonymous_2)
FN:41,(anonymous_3)
FN:42,(anonymous_4)
FN:44,(anonymous_5)
FN:47,getLoyolaBuildingByCode
FN:51,(anonymous_7)
FNF:8
FNH:8
FNDA:922,(anonymous_0)
FNDA:12,searchLoyolaBuildings
FNDA:280,(anonymous_2)
FNDA:280,(anonymous_3)
FNDA:54,(anonymous_4)
FNDA:11,(anonymous_5)
FNDA:6,getLoyolaBuildingByCode
FNDA:60,(anonymous_7)
DA:4,10
DA:6,10
DA:7,922
DA:18,12
DA:19,12
DA:21,10
DA:22,280
DA:32,280
DA:34,280
DA:35,280
DA:36,12
DA:37,280
DA:39,280
DA:41,280
DA:42,54
DA:44,11
DA:48,6
DA:50,6
DA:51,60
LF:19
LH:19
BRDA:16,0,0,2
BRDA:19,1,0,2
BRDA:19,1,1,10
BRDA:34,2,0,5
BRDA:34,2,1,275
BRDA:35,3,0,12
BRDA:35,3,1,268
BRDA:37,4,0,32
BRDA:37,4,1,248
BRF:9
BRH:9
end_of_record
TN:
SF:components/Buildings/SGW/SGWBuildings.ts
FN:6,(anonymous_0)
FN:18,searchSGWBuildings
FN:22,(anonymous_2)
FN:33,(anonymous_3)
FN:34,(anonymous_4)
FN:36,(anonymous_5)
FN:39,getSGWBuildingByCode
FN:41,(anonymous_7)
FNF:8
FNH:8
FNDA:519,(anonymous_0)
FNDA:6,searchSGWBuildings
FNDA:152,(anonymous_2)
FNDA:152,(anonymous_3)
FNDA:56,(anonymous_4)
FNDA:14,(anonymous_5)
FNDA:2,getSGWBuildingByCode
FNDA:55,(anonymous_7)
DA:4,7
DA:6,7
DA:7,519
DA:19,6
DA:20,6
DA:22,4
DA:23,152
DA:27,152
DA:28,152
DA:29,152
DA:30,152
DA:31,152
DA:33,152
DA:34,56
DA:36,14
DA:40,2
DA:41,55
LF:17
LH:17
BRDA:18,0,0,2
BRDA:20,1,0,2
BRDA:20,1,1,4
BRDA:28,2,0,1
BRDA:28,2,1,151
BRDA:29,3,0,4
BRDA:29,3,1,148
BRDA:30,4,0,47
BRDA:30,4,1,105
BRF:9
BRH:9
end_of_record
TN:
SF:components/Styles/mapStyle.ts
FNF:0
FNH:0
DA:3,3
LF:1
LH:1
BRF:0
BRH:0
end_of_record
TN:
SF:components/Styles/welcomeStyle.ts
FNF:0
FNH:0
DA:3,1
LF:1
LH:1
BRF:0
BRH:0
end_of_record
TN:
SF:components/Welcome/WelcomeScreen.tsx
FN:7,WelcomeScreen
FN:9,(anonymous_1)
FN:13,(anonymous_2)
FNF:3
FNH:3
FNDA:2,WelcomeScreen
FNDA:1,(anonymous_1)
FNDA:1,(anonymous_2)
DA:9,2
DA:10,1
DA:13,2
DA:14,1
DA:17,2
LF:5
LH:5
BRF:0
BRH:0
end_of_record
TN:
SF:components/campus/Loyola/LoyolaCampus.tsx
FN:31,LoyolaCampus
FN:38,(anonymous_1)
FN:43,(anonymous_2)
FN:83,(anonymous_3)
FN:97,(anonymous_4)
FN:112,(anonymous_5)
FN:116,(anonymous_6)
FNF:7
FNH:0
FNDA:0,LoyolaCampus
FNDA:0,(anonymous_1)
FNDA:0,(anonymous_2)
FNDA:0,(anonymous_3)
FNDA:0,(anonymous_4)
FNDA:0,(anonymous_5)
FNDA:0,(anonymous_6)
DA:17,3
DA:24,3
DA:32,0
DA:33,0
DA:36,0
DA:38,0
DA:39,0
DA:40,0
DA:43,0
DA:44,0
DA:45,0
DA:47,0
DA:58,0
DA:84,0
DA:85,0
DA:98,0
DA:99,0
DA:113,0
DA:116,0
LF:19
LH:2
BRDA:39,0,0,0
BRDA:39,0,1,0
BRDA:64,1,0,0
BRDA:64,1,1,0
BRDA:85,2,0,0
BRDA:85,2,1,0
BRDA:94,3,0,0
BRDA:94,3,1,0
BRDA:110,4,0,0
BRDA:110,4,1,0
BRF:10
BRH:0
end_of_record
TN:
SF:components/campus/SGW/SGWCampus.tsx
FN:31,SGWCampus
FN:36,(anonymous_1)
FN:42,(anonymous_2)
FN:82,(anonymous_3)
FN:95,(anonymous_4)
FN:110,(anonymous_5)
FN:113,(anonymous_6)
FNF:7
FNH:7
FNDA:7,SGWCampus
FNDA:7,(anonymous_1)
FNDA:1,(anonymous_2)
FNDA:2,(anonymous_3)
FNDA:1,(anonymous_4)
FNDA:2,(anonymous_5)
FNDA:1,(anonymous_6)
DA:17,3
DA:24,3
DA:32,7
DA:33,7
DA:34,7
DA:36,7
DA:38,7
DA:39,3
DA:42,7
DA:43,1
DA:44,1
DA:46,1
DA:57,7
DA:83,2
DA:84,2
DA:96,1
DA:97,1
DA:111,2
DA:113,1
LF:19
LH:19
BRDA:38,0,0,4
BRDA:38,0,1,3
BRDA:64,1,0,0
BRDA:64,1,1,7
BRDA:84,2,0,0
BRDA:84,2,1,2
BRDA:93,3,0,7
BRDA:93,3,1,3
BRDA:108,4,0,7
BRDA:108,4,1,2
BRF:10
BRH:8
end_of_record
TN:
SF:components/layout/LoyolaBrandBar.tsx
FN:10,adjustColorShade
FN:32,LoyolaBrandBar
FNF:2
FNH:2
FNDA:7,adjustColorShade
FNDA:2,LoyolaBrandBar
DA:11,7
DA:12,7
DA:13,7
DA:15,7
DA:16,7
DA:17,7
DA:19,7
DA:36,2
DA:37,2
DA:39,2
DA:64,4
LF:11
LH:11
BRDA:12,0,0,3
BRDA:12,0,1,4
BRDA:33,1,0,1
BRDA:34,2,0,2
BRF:4
BRH:4
end_of_record
TN:
SF:components/layout/SGWBrandBar.tsx
FN:11,shadeColor
FN:32,SGWBrandBar
FNF:2
FNH:2
FNDA:14,shadeColor
FNDA:7,SGWBrandBar
DA:12,14
DA:13,14
DA:14,14
DA:15,14
DA:16,14
DA:17,14
DA:19,14
DA:36,7
DA:37,7
DA:39,7
DA:63,3
LF:11
LH:11
BRDA:13,0,0,7
BRDA:13,0,1,7
BRDA:33,1,0,7
BRDA:34,2,0,0
BRF:4
BRH:3
end_of_record
